Created by PLY version 3.4 (http://www.dabeaz.com/ply)

Unused terminals:

    INT

Grammar

Rule 0     S' -> command
Rule 1     command -> TRIANGLE NUMBER NUMBER NUMBER NUMBER NUMBER NUMBER NUMBER NUMBER NUMBER
Rule 2     command -> TRIANGLE NUMBER NUMBER NUMBER NUMBER NUMBER NUMBER NUMBER NUMBER NUMBER SYMBOL
Rule 3     command -> TRIANGLE SYMBOL NUMBER NUMBER NUMBER NUMBER NUMBER NUMBER NUMBER NUMBER NUMBER
Rule 4     command -> TRIANGLE SYMBOL NUMBER NUMBER NUMBER NUMBER NUMBER NUMBER NUMBER NUMBER NUMBER SYMBOL
Rule 5     command -> SET_DEFAULT NUMBER NUMBER NUMBER NUMBER NUMBER NUMBER NUMBER NUMBER NUMBER
Rule 6     command -> SET_DEFAULT SYMBOL
Rule 7     input -> <empty>
Rule 8     input -> command input
Rule 9     command -> COMMENT
Rule 10    SYMBOL -> XYZ
Rule 11    SYMBOL -> ID
Rule 12    TEXT -> SYMBOL
Rule 13    TEXT -> STRING
Rule 14    NUMBER -> DOUBLE
Rule 15    command -> POP
Rule 16    command -> PUSH
Rule 17    command -> SCREEN NUMBER NUMBER
Rule 18    command -> SCREEN
Rule 19    command -> SAVE TEXT TEXT
Rule 20    command -> DISPLAY
Rule 21    command -> SPHERE NUMBER NUMBER NUMBER NUMBER
Rule 22    command -> SPHERE SYMBOL NUMBER NUMBER NUMBER NUMBER
Rule 23    command -> SPHERE NUMBER NUMBER NUMBER NUMBER SYMBOL
Rule 24    command -> SPHERE SYMBOL NUMBER NUMBER NUMBER NUMBER SYMBOL
Rule 25    command -> TORUS NUMBER NUMBER NUMBER NUMBER NUMBER
Rule 26    command -> TORUS NUMBER NUMBER NUMBER NUMBER NUMBER SYMBOL
Rule 27    command -> TORUS SYMBOL NUMBER NUMBER NUMBER NUMBER NUMBER
Rule 28    command -> TORUS SYMBOL NUMBER NUMBER NUMBER NUMBER NUMBER SYMBOL
Rule 29    command -> BOX NUMBER NUMBER NUMBER NUMBER NUMBER NUMBER
Rule 30    command -> BOX NUMBER NUMBER NUMBER NUMBER NUMBER NUMBER SYMBOL
Rule 31    command -> BOX SYMBOL NUMBER NUMBER NUMBER NUMBER NUMBER NUMBER
Rule 32    command -> BOX SYMBOL NUMBER NUMBER NUMBER NUMBER NUMBER NUMBER SYMBOL
Rule 33    command -> LINE NUMBER NUMBER NUMBER NUMBER NUMBER NUMBER
Rule 34    command -> LINE NUMBER NUMBER NUMBER NUMBER NUMBER NUMBER SYMBOL
Rule 35    command -> LINE NUMBER NUMBER NUMBER SYMBOL NUMBER NUMBER NUMBER
Rule 36    command -> LINE NUMBER NUMBER NUMBER SYMBOL NUMBER NUMBER NUMBER SYMBOL
Rule 37    command -> LINE SYMBOL NUMBER NUMBER NUMBER NUMBER NUMBER NUMBER
Rule 38    command -> LINE SYMBOL NUMBER NUMBER NUMBER NUMBER NUMBER NUMBER SYMBOL
Rule 39    command -> LINE SYMBOL NUMBER NUMBER NUMBER SYMBOL NUMBER NUMBER NUMBER
Rule 40    command -> LINE SYMBOL NUMBER NUMBER NUMBER SYMBOL NUMBER NUMBER NUMBER SYMBOL
Rule 41    command -> MOVE NUMBER NUMBER NUMBER SYMBOL
Rule 42    command -> MOVE NUMBER NUMBER NUMBER
Rule 43    command -> SCALE NUMBER NUMBER NUMBER SYMBOL
Rule 44    command -> SCALE NUMBER NUMBER NUMBER
Rule 45    command -> ROTATE XYZ NUMBER SYMBOL
Rule 46    command -> ROTATE XYZ NUMBER
Rule 47    command -> FRAMES NUMBER
Rule 48    command -> BASENAME TEXT
Rule 49    command -> VARY SYMBOL NUMBER NUMBER NUMBER NUMBER
Rule 50    command -> SET SYMBOL NUMBER
Rule 51    command -> SET_KNOBS NUMBER
Rule 52    command -> AMBIENT NUMBER NUMBER NUMBER
Rule 53    command -> CONSTANTS SYMBOL NUMBER NUMBER NUMBER NUMBER NUMBER NUMBER NUMBER NUMBER NUMBER
Rule 54    command -> CONSTANTS SYMBOL NUMBER NUMBER NUMBER NUMBER NUMBER NUMBER NUMBER NUMBER NUMBER NUMBER NUMBER NUMBER
Rule 55    command -> LIGHT SYMBOL NUMBER NUMBER NUMBER NUMBER NUMBER NUMBER
Rule 56    command -> SHADING SHADING_TYPE
Rule 57    command -> CAMERA NUMBER NUMBER NUMBER NUMBER NUMBER NUMBER
Rule 58    command -> GENERATE_RAYFILES
Rule 59    command -> MESH CO TEXT TEXT
Rule 60    command -> MESH SYMBOL CO TEXT TEXT
Rule 61    command -> MESH CO TEXT TEXT SYMBOL
Rule 62    command -> MESH SYMBOL CO TEXT TEXT SYMBOL
Rule 63    command -> SAVE_KNOBS SYMBOL
Rule 64    command -> SAVE_COORDS SYMBOL
Rule 65    command -> TWEEN NUMBER NUMBER SYMBOL SYMBOL
Rule 66    command -> FOCAL NUMBER
Rule 67    command -> WEB
Rule 68    command -> TEXTURE SYMBOL NUMBER NUMBER NUMBER NUMBER NUMBER NUMBER NUMBER NUMBER NUMBER NUMBER NUMBER NUMBER

Terminals, with rules where they appear

AMBIENT              : 52
BASENAME             : 48
BOX                  : 29 30 31 32
CAMERA               : 57
CO                   : 59 60 61 62
COMMENT              : 9
CONSTANTS            : 53 54
DISPLAY              : 20
DOUBLE               : 14
FOCAL                : 66
FRAMES               : 47
GENERATE_RAYFILES    : 58
ID                   : 11
INT                  : 
LIGHT                : 55
LINE                 : 33 34 35 36 37 38 39 40
MESH                 : 59 60 61 62
MOVE                 : 41 42
POP                  : 15
PUSH                 : 16
ROTATE               : 45 46
SAVE                 : 19
SAVE_COORDS          : 64
SAVE_KNOBS           : 63
SCALE                : 43 44
SCREEN               : 17 18
SET                  : 50
SET_DEFAULT          : 5 6
SET_KNOBS            : 51
SHADING              : 56
SHADING_TYPE         : 56
SPHERE               : 21 22 23 24
STRING               : 13
TEXTURE              : 68
TORUS                : 25 26 27 28
TRIANGLE             : 1 2 3 4
TWEEN                : 65
VARY                 : 49
WEB                  : 67
XYZ                  : 10 45 46
error                : 

Nonterminals, with rules where they appear

NUMBER               : 1 1 1 1 1 1 1 1 1 2 2 2 2 2 2 2 2 2 3 3 3 3 3 3 3 3 3 4 4 4 4 4 4 4 4 4 5 5 5 5 5 5 5 5 5 17 17 21 21 21 21 22 22 22 22 23 23 23 23 24 24 24 24 25 25 25 25 25 26 26 26 26 26 27 27 27 27 27 28 28 28 28 28 29 29 29 29 29 29 30 30 30 30 30 30 31 31 31 31 31 31 32 32 32 32 32 32 33 33 33 33 33 33 34 34 34 34 34 34 35 35 35 35 35 35 36 36 36 36 36 36 37 37 37 37 37 37 38 38 38 38 38 38 39 39 39 39 39 39 40 40 40 40 40 40 41 41 41 42 42 42 43 43 43 44 44 44 45 46 47 49 49 49 49 50 51 52 52 52 53 53 53 53 53 53 53 53 53 54 54 54 54 54 54 54 54 54 54 54 54 55 55 55 55 55 55 57 57 57 57 57 57 65 65 66 68 68 68 68 68 68 68 68 68 68 68 68
SYMBOL               : 2 3 4 4 6 12 22 23 24 24 26 27 28 28 30 31 32 32 34 35 36 36 37 38 38 39 39 40 40 40 41 43 45 49 50 53 54 55 60 61 62 62 63 64 65 65 68
TEXT                 : 19 19 48 59 59 60 60 61 61 62 62
command              : 8 0
input                : 8

Parsing method: LALR

state 0

    (0) S' -> . command
    (1) command -> . TRIANGLE NUMBER NUMBER NUMBER NUMBER NUMBER NUMBER NUMBER NUMBER NUMBER
    (2) command -> . TRIANGLE NUMBER NUMBER NUMBER NUMBER NUMBER NUMBER NUMBER NUMBER NUMBER SYMBOL
    (3) command -> . TRIANGLE SYMBOL NUMBER NUMBER NUMBER NUMBER NUMBER NUMBER NUMBER NUMBER NUMBER
    (4) command -> . TRIANGLE SYMBOL NUMBER NUMBER NUMBER NUMBER NUMBER NUMBER NUMBER NUMBER NUMBER SYMBOL
    (5) command -> . SET_DEFAULT NUMBER NUMBER NUMBER NUMBER NUMBER NUMBER NUMBER NUMBER NUMBER
    (6) command -> . SET_DEFAULT SYMBOL
    (9) command -> . COMMENT
    (15) command -> . POP
    (16) command -> . PUSH
    (17) command -> . SCREEN NUMBER NUMBER
    (18) command -> . SCREEN
    (19) command -> . SAVE TEXT TEXT
    (20) command -> . DISPLAY
    (21) command -> . SPHERE NUMBER NUMBER NUMBER NUMBER
    (22) command -> . SPHERE SYMBOL NUMBER NUMBER NUMBER NUMBER
    (23) command -> . SPHERE NUMBER NUMBER NUMBER NUMBER SYMBOL
    (24) command -> . SPHERE SYMBOL NUMBER NUMBER NUMBER NUMBER SYMBOL
    (25) command -> . TORUS NUMBER NUMBER NUMBER NUMBER NUMBER
    (26) command -> . TORUS NUMBER NUMBER NUMBER NUMBER NUMBER SYMBOL
    (27) command -> . TORUS SYMBOL NUMBER NUMBER NUMBER NUMBER NUMBER
    (28) command -> . TORUS SYMBOL NUMBER NUMBER NUMBER NUMBER NUMBER SYMBOL
    (29) command -> . BOX NUMBER NUMBER NUMBER NUMBER NUMBER NUMBER
    (30) command -> . BOX NUMBER NUMBER NUMBER NUMBER NUMBER NUMBER SYMBOL
    (31) command -> . BOX SYMBOL NUMBER NUMBER NUMBER NUMBER NUMBER NUMBER
    (32) command -> . BOX SYMBOL NUMBER NUMBER NUMBER NUMBER NUMBER NUMBER SYMBOL
    (33) command -> . LINE NUMBER NUMBER NUMBER NUMBER NUMBER NUMBER
    (34) command -> . LINE NUMBER NUMBER NUMBER NUMBER NUMBER NUMBER SYMBOL
    (35) command -> . LINE NUMBER NUMBER NUMBER SYMBOL NUMBER NUMBER NUMBER
    (36) command -> . LINE NUMBER NUMBER NUMBER SYMBOL NUMBER NUMBER NUMBER SYMBOL
    (37) command -> . LINE SYMBOL NUMBER NUMBER NUMBER NUMBER NUMBER NUMBER
    (38) command -> . LINE SYMBOL NUMBER NUMBER NUMBER NUMBER NUMBER NUMBER SYMBOL
    (39) command -> . LINE SYMBOL NUMBER NUMBER NUMBER SYMBOL NUMBER NUMBER NUMBER
    (40) command -> . LINE SYMBOL NUMBER NUMBER NUMBER SYMBOL NUMBER NUMBER NUMBER SYMBOL
    (41) command -> . MOVE NUMBER NUMBER NUMBER SYMBOL
    (42) command -> . MOVE NUMBER NUMBER NUMBER
    (43) command -> . SCALE NUMBER NUMBER NUMBER SYMBOL
    (44) command -> . SCALE NUMBER NUMBER NUMBER
    (45) command -> . ROTATE XYZ NUMBER SYMBOL
    (46) command -> . ROTATE XYZ NUMBER
    (47) command -> . FRAMES NUMBER
    (48) command -> . BASENAME TEXT
    (49) command -> . VARY SYMBOL NUMBER NUMBER NUMBER NUMBER
    (50) command -> . SET SYMBOL NUMBER
    (51) command -> . SET_KNOBS NUMBER
    (52) command -> . AMBIENT NUMBER NUMBER NUMBER
    (53) command -> . CONSTANTS SYMBOL NUMBER NUMBER NUMBER NUMBER NUMBER NUMBER NUMBER NUMBER NUMBER
    (54) command -> . CONSTANTS SYMBOL NUMBER NUMBER NUMBER NUMBER NUMBER NUMBER NUMBER NUMBER NUMBER NUMBER NUMBER NUMBER
    (55) command -> . LIGHT SYMBOL NUMBER NUMBER NUMBER NUMBER NUMBER NUMBER
    (56) command -> . SHADING SHADING_TYPE
    (57) command -> . CAMERA NUMBER NUMBER NUMBER NUMBER NUMBER NUMBER
    (58) command -> . GENERATE_RAYFILES
    (59) command -> . MESH CO TEXT TEXT
    (60) command -> . MESH SYMBOL CO TEXT TEXT
    (61) command -> . MESH CO TEXT TEXT SYMBOL
    (62) command -> . MESH SYMBOL CO TEXT TEXT SYMBOL
    (63) command -> . SAVE_KNOBS SYMBOL
    (64) command -> . SAVE_COORDS SYMBOL
    (65) command -> . TWEEN NUMBER NUMBER SYMBOL SYMBOL
    (66) command -> . FOCAL NUMBER
    (67) command -> . WEB
    (68) command -> . TEXTURE SYMBOL NUMBER NUMBER NUMBER NUMBER NUMBER NUMBER NUMBER NUMBER NUMBER NUMBER NUMBER NUMBER

    TRIANGLE        shift and go to state 4
    SET_DEFAULT     shift and go to state 19
    COMMENT         shift and go to state 13
    POP             shift and go to state 15
    PUSH            shift and go to state 18
    SCREEN          shift and go to state 20
    SAVE            shift and go to state 33
    DISPLAY         shift and go to state 11
    SPHERE          shift and go to state 26
    TORUS           shift and go to state 23
    BOX             shift and go to state 1
    LINE            shift and go to state 10
    MOVE            shift and go to state 5
    SCALE           shift and go to state 3
    ROTATE          shift and go to state 29
    FRAMES          shift and go to state 9
    BASENAME        shift and go to state 12
    VARY            shift and go to state 6
    SET             shift and go to state 14
    SET_KNOBS       shift and go to state 30
    AMBIENT         shift and go to state 32
    CONSTANTS       shift and go to state 34
    LIGHT           shift and go to state 17
    SHADING         shift and go to state 28
    CAMERA          shift and go to state 16
    GENERATE_RAYFILES shift and go to state 2
    MESH            shift and go to state 27
    SAVE_KNOBS      shift and go to state 24
    SAVE_COORDS     shift and go to state 8
    TWEEN           shift and go to state 25
    FOCAL           shift and go to state 21
    WEB             shift and go to state 22
    TEXTURE         shift and go to state 7

    command                        shift and go to state 31

state 1

    (29) command -> BOX . NUMBER NUMBER NUMBER NUMBER NUMBER NUMBER
    (30) command -> BOX . NUMBER NUMBER NUMBER NUMBER NUMBER NUMBER SYMBOL
    (31) command -> BOX . SYMBOL NUMBER NUMBER NUMBER NUMBER NUMBER NUMBER
    (32) command -> BOX . SYMBOL NUMBER NUMBER NUMBER NUMBER NUMBER NUMBER SYMBOL
    (14) NUMBER -> . DOUBLE
    (10) SYMBOL -> . XYZ
    (11) SYMBOL -> . ID

    DOUBLE          shift and go to state 35
    XYZ             shift and go to state 39
    ID              shift and go to state 38

    SYMBOL                         shift and go to state 36
    NUMBER                         shift and go to state 37

state 2

    (58) command -> GENERATE_RAYFILES .

    $end            reduce using rule 58 (command -> GENERATE_RAYFILES .)


state 3

    (43) command -> SCALE . NUMBER NUMBER NUMBER SYMBOL
    (44) command -> SCALE . NUMBER NUMBER NUMBER
    (14) NUMBER -> . DOUBLE

    DOUBLE          shift and go to state 35

    NUMBER                         shift and go to state 40

state 4

    (1) command -> TRIANGLE . NUMBER NUMBER NUMBER NUMBER NUMBER NUMBER NUMBER NUMBER NUMBER
    (2) command -> TRIANGLE . NUMBER NUMBER NUMBER NUMBER NUMBER NUMBER NUMBER NUMBER NUMBER SYMBOL
    (3) command -> TRIANGLE . SYMBOL NUMBER NUMBER NUMBER NUMBER NUMBER NUMBER NUMBER NUMBER NUMBER
    (4) command -> TRIANGLE . SYMBOL NUMBER NUMBER NUMBER NUMBER NUMBER NUMBER NUMBER NUMBER NUMBER SYMBOL
    (14) NUMBER -> . DOUBLE
    (10) SYMBOL -> . XYZ
    (11) SYMBOL -> . ID

    DOUBLE          shift and go to state 35
    XYZ             shift and go to state 39
    ID              shift and go to state 38

    SYMBOL                         shift and go to state 41
    NUMBER                         shift and go to state 42

state 5

    (41) command -> MOVE . NUMBER NUMBER NUMBER SYMBOL
    (42) command -> MOVE . NUMBER NUMBER NUMBER
    (14) NUMBER -> . DOUBLE

    DOUBLE          shift and go to state 35

    NUMBER                         shift and go to state 43

state 6

    (49) command -> VARY . SYMBOL NUMBER NUMBER NUMBER NUMBER
    (10) SYMBOL -> . XYZ
    (11) SYMBOL -> . ID

    XYZ             shift and go to state 39
    ID              shift and go to state 38

    SYMBOL                         shift and go to state 44

state 7

    (68) command -> TEXTURE . SYMBOL NUMBER NUMBER NUMBER NUMBER NUMBER NUMBER NUMBER NUMBER NUMBER NUMBER NUMBER NUMBER
    (10) SYMBOL -> . XYZ
    (11) SYMBOL -> . ID

    XYZ             shift and go to state 39
    ID              shift and go to state 38

    SYMBOL                         shift and go to state 45

state 8

    (64) command -> SAVE_COORDS . SYMBOL
    (10) SYMBOL -> . XYZ
    (11) SYMBOL -> . ID

    XYZ             shift and go to state 39
    ID              shift and go to state 38

    SYMBOL                         shift and go to state 46

state 9

    (47) command -> FRAMES . NUMBER
    (14) NUMBER -> . DOUBLE

    DOUBLE          shift and go to state 35

    NUMBER                         shift and go to state 47

state 10

    (33) command -> LINE . NUMBER NUMBER NUMBER NUMBER NUMBER NUMBER
    (34) command -> LINE . NUMBER NUMBER NUMBER NUMBER NUMBER NUMBER SYMBOL
    (35) command -> LINE . NUMBER NUMBER NUMBER SYMBOL NUMBER NUMBER NUMBER
    (36) command -> LINE . NUMBER NUMBER NUMBER SYMBOL NUMBER NUMBER NUMBER SYMBOL
    (37) command -> LINE . SYMBOL NUMBER NUMBER NUMBER NUMBER NUMBER NUMBER
    (38) command -> LINE . SYMBOL NUMBER NUMBER NUMBER NUMBER NUMBER NUMBER SYMBOL
    (39) command -> LINE . SYMBOL NUMBER NUMBER NUMBER SYMBOL NUMBER NUMBER NUMBER
    (40) command -> LINE . SYMBOL NUMBER NUMBER NUMBER SYMBOL NUMBER NUMBER NUMBER SYMBOL
    (14) NUMBER -> . DOUBLE
    (10) SYMBOL -> . XYZ
    (11) SYMBOL -> . ID

    DOUBLE          shift and go to state 35
    XYZ             shift and go to state 39
    ID              shift and go to state 38

    SYMBOL                         shift and go to state 49
    NUMBER                         shift and go to state 48

state 11

    (20) command -> DISPLAY .

    $end            reduce using rule 20 (command -> DISPLAY .)


state 12

    (48) command -> BASENAME . TEXT
    (12) TEXT -> . SYMBOL
    (13) TEXT -> . STRING
    (10) SYMBOL -> . XYZ
    (11) SYMBOL -> . ID

    STRING          shift and go to state 50
    XYZ             shift and go to state 39
    ID              shift and go to state 38

    TEXT                           shift and go to state 51
    SYMBOL                         shift and go to state 52

state 13

    (9) command -> COMMENT .

    $end            reduce using rule 9 (command -> COMMENT .)


state 14

    (50) command -> SET . SYMBOL NUMBER
    (10) SYMBOL -> . XYZ
    (11) SYMBOL -> . ID

    XYZ             shift and go to state 39
    ID              shift and go to state 38

    SYMBOL                         shift and go to state 53

state 15

    (15) command -> POP .

    $end            reduce using rule 15 (command -> POP .)


state 16

    (57) command -> CAMERA . NUMBER NUMBER NUMBER NUMBER NUMBER NUMBER
    (14) NUMBER -> . DOUBLE

    DOUBLE          shift and go to state 35

    NUMBER                         shift and go to state 54

state 17

    (55) command -> LIGHT . SYMBOL NUMBER NUMBER NUMBER NUMBER NUMBER NUMBER
    (10) SYMBOL -> . XYZ
    (11) SYMBOL -> . ID

    XYZ             shift and go to state 39
    ID              shift and go to state 38

    SYMBOL                         shift and go to state 55

state 18

    (16) command -> PUSH .

    $end            reduce using rule 16 (command -> PUSH .)


state 19

    (5) command -> SET_DEFAULT . NUMBER NUMBER NUMBER NUMBER NUMBER NUMBER NUMBER NUMBER NUMBER
    (6) command -> SET_DEFAULT . SYMBOL
    (14) NUMBER -> . DOUBLE
    (10) SYMBOL -> . XYZ
    (11) SYMBOL -> . ID

    DOUBLE          shift and go to state 35
    XYZ             shift and go to state 39
    ID              shift and go to state 38

    SYMBOL                         shift and go to state 56
    NUMBER                         shift and go to state 57

state 20

    (17) command -> SCREEN . NUMBER NUMBER
    (18) command -> SCREEN .
    (14) NUMBER -> . DOUBLE

    $end            reduce using rule 18 (command -> SCREEN .)
    DOUBLE          shift and go to state 35

    NUMBER                         shift and go to state 58

state 21

    (66) command -> FOCAL . NUMBER
    (14) NUMBER -> . DOUBLE

    DOUBLE          shift and go to state 35

    NUMBER                         shift and go to state 59

state 22

    (67) command -> WEB .

    $end            reduce using rule 67 (command -> WEB .)


state 23

    (25) command -> TORUS . NUMBER NUMBER NUMBER NUMBER NUMBER
    (26) command -> TORUS . NUMBER NUMBER NUMBER NUMBER NUMBER SYMBOL
    (27) command -> TORUS . SYMBOL NUMBER NUMBER NUMBER NUMBER NUMBER
    (28) command -> TORUS . SYMBOL NUMBER NUMBER NUMBER NUMBER NUMBER SYMBOL
    (14) NUMBER -> . DOUBLE
    (10) SYMBOL -> . XYZ
    (11) SYMBOL -> . ID

    DOUBLE          shift and go to state 35
    XYZ             shift and go to state 39
    ID              shift and go to state 38

    SYMBOL                         shift and go to state 61
    NUMBER                         shift and go to state 60

state 24

    (63) command -> SAVE_KNOBS . SYMBOL
    (10) SYMBOL -> . XYZ
    (11) SYMBOL -> . ID

    XYZ             shift and go to state 39
    ID              shift and go to state 38

    SYMBOL                         shift and go to state 62

state 25

    (65) command -> TWEEN . NUMBER NUMBER SYMBOL SYMBOL
    (14) NUMBER -> . DOUBLE

    DOUBLE          shift and go to state 35

    NUMBER                         shift and go to state 63

state 26

    (21) command -> SPHERE . NUMBER NUMBER NUMBER NUMBER
    (22) command -> SPHERE . SYMBOL NUMBER NUMBER NUMBER NUMBER
    (23) command -> SPHERE . NUMBER NUMBER NUMBER NUMBER SYMBOL
    (24) command -> SPHERE . SYMBOL NUMBER NUMBER NUMBER NUMBER SYMBOL
    (14) NUMBER -> . DOUBLE
    (10) SYMBOL -> . XYZ
    (11) SYMBOL -> . ID

    DOUBLE          shift and go to state 35
    XYZ             shift and go to state 39
    ID              shift and go to state 38

    SYMBOL                         shift and go to state 64
    NUMBER                         shift and go to state 65

state 27

    (59) command -> MESH . CO TEXT TEXT
    (60) command -> MESH . SYMBOL CO TEXT TEXT
    (61) command -> MESH . CO TEXT TEXT SYMBOL
    (62) command -> MESH . SYMBOL CO TEXT TEXT SYMBOL
    (10) SYMBOL -> . XYZ
    (11) SYMBOL -> . ID

    CO              shift and go to state 66
    XYZ             shift and go to state 39
    ID              shift and go to state 38

    SYMBOL                         shift and go to state 67

state 28

    (56) command -> SHADING . SHADING_TYPE

    SHADING_TYPE    shift and go to state 68


state 29

    (45) command -> ROTATE . XYZ NUMBER SYMBOL
    (46) command -> ROTATE . XYZ NUMBER

    XYZ             shift and go to state 69


state 30

    (51) command -> SET_KNOBS . NUMBER
    (14) NUMBER -> . DOUBLE

    DOUBLE          shift and go to state 35

    NUMBER                         shift and go to state 70

state 31

    (0) S' -> command .



state 32

    (52) command -> AMBIENT . NUMBER NUMBER NUMBER
    (14) NUMBER -> . DOUBLE

    DOUBLE          shift and go to state 35

    NUMBER                         shift and go to state 71

state 33

    (19) command -> SAVE . TEXT TEXT
    (12) TEXT -> . SYMBOL
    (13) TEXT -> . STRING
    (10) SYMBOL -> . XYZ
    (11) SYMBOL -> . ID

    STRING          shift and go to state 50
    XYZ             shift and go to state 39
    ID              shift and go to state 38

    TEXT                           shift and go to state 72
    SYMBOL                         shift and go to state 52

state 34

    (53) command -> CONSTANTS . SYMBOL NUMBER NUMBER NUMBER NUMBER NUMBER NUMBER NUMBER NUMBER NUMBER
    (54) command -> CONSTANTS . SYMBOL NUMBER NUMBER NUMBER NUMBER NUMBER NUMBER NUMBER NUMBER NUMBER NUMBER NUMBER NUMBER
    (10) SYMBOL -> . XYZ
    (11) SYMBOL -> . ID

    XYZ             shift and go to state 39
    ID              shift and go to state 38

    SYMBOL                         shift and go to state 73

state 35

    (14) NUMBER -> DOUBLE .

    DOUBLE          reduce using rule 14 (NUMBER -> DOUBLE .)
    XYZ             reduce using rule 14 (NUMBER -> DOUBLE .)
    ID              reduce using rule 14 (NUMBER -> DOUBLE .)
    $end            reduce using rule 14 (NUMBER -> DOUBLE .)


state 36

    (31) command -> BOX SYMBOL . NUMBER NUMBER NUMBER NUMBER NUMBER NUMBER
    (32) command -> BOX SYMBOL . NUMBER NUMBER NUMBER NUMBER NUMBER NUMBER SYMBOL
    (14) NUMBER -> . DOUBLE

    DOUBLE          shift and go to state 35

    NUMBER                         shift and go to state 74

state 37

    (29) command -> BOX NUMBER . NUMBER NUMBER NUMBER NUMBER NUMBER
    (30) command -> BOX NUMBER . NUMBER NUMBER NUMBER NUMBER NUMBER SYMBOL
    (14) NUMBER -> . DOUBLE

    DOUBLE          shift and go to state 35

    NUMBER                         shift and go to state 75

state 38

    (11) SYMBOL -> ID .

    DOUBLE          reduce using rule 11 (SYMBOL -> ID .)
    $end            reduce using rule 11 (SYMBOL -> ID .)
    CO              reduce using rule 11 (SYMBOL -> ID .)
    XYZ             reduce using rule 11 (SYMBOL -> ID .)
    ID              reduce using rule 11 (SYMBOL -> ID .)
    STRING          reduce using rule 11 (SYMBOL -> ID .)


state 39

    (10) SYMBOL -> XYZ .

    DOUBLE          reduce using rule 10 (SYMBOL -> XYZ .)
    $end            reduce using rule 10 (SYMBOL -> XYZ .)
    CO              reduce using rule 10 (SYMBOL -> XYZ .)
    XYZ             reduce using rule 10 (SYMBOL -> XYZ .)
    ID              reduce using rule 10 (SYMBOL -> XYZ .)
    STRING          reduce using rule 10 (SYMBOL -> XYZ .)


state 40

    (43) command -> SCALE NUMBER . NUMBER NUMBER SYMBOL
    (44) command -> SCALE NUMBER . NUMBER NUMBER
    (14) NUMBER -> . DOUBLE

    DOUBLE          shift and go to state 35

    NUMBER                         shift and go to state 76

state 41

    (3) command -> TRIANGLE SYMBOL . NUMBER NUMBER NUMBER NUMBER NUMBER NUMBER NUMBER NUMBER NUMBER
    (4) command -> TRIANGLE SYMBOL . NUMBER NUMBER NUMBER NUMBER NUMBER NUMBER NUMBER NUMBER NUMBER SYMBOL
    (14) NUMBER -> . DOUBLE

    DOUBLE          shift and go to state 35

    NUMBER                         shift and go to state 77

state 42

    (1) command -> TRIANGLE NUMBER . NUMBER NUMBER NUMBER NUMBER NUMBER NUMBER NUMBER NUMBER
    (2) command -> TRIANGLE NUMBER . NUMBER NUMBER NUMBER NUMBER NUMBER NUMBER NUMBER NUMBER SYMBOL
    (14) NUMBER -> . DOUBLE

    DOUBLE          shift and go to state 35

    NUMBER                         shift and go to state 78

state 43

    (41) command -> MOVE NUMBER . NUMBER NUMBER SYMBOL
    (42) command -> MOVE NUMBER . NUMBER NUMBER
    (14) NUMBER -> . DOUBLE

    DOUBLE          shift and go to state 35

    NUMBER                         shift and go to state 79

state 44

    (49) command -> VARY SYMBOL . NUMBER NUMBER NUMBER NUMBER
    (14) NUMBER -> . DOUBLE

    DOUBLE          shift and go to state 35

    NUMBER                         shift and go to state 80

state 45

    (68) command -> TEXTURE SYMBOL . NUMBER NUMBER NUMBER NUMBER NUMBER NUMBER NUMBER NUMBER NUMBER NUMBER NUMBER NUMBER
    (14) NUMBER -> . DOUBLE

    DOUBLE          shift and go to state 35

    NUMBER                         shift and go to state 81

state 46

    (64) command -> SAVE_COORDS SYMBOL .

    $end            reduce using rule 64 (command -> SAVE_COORDS SYMBOL .)


state 47

    (47) command -> FRAMES NUMBER .

    $end            reduce using rule 47 (command -> FRAMES NUMBER .)


state 48

    (33) command -> LINE NUMBER . NUMBER NUMBER NUMBER NUMBER NUMBER
    (34) command -> LINE NUMBER . NUMBER NUMBER NUMBER NUMBER NUMBER SYMBOL
    (35) command -> LINE NUMBER . NUMBER NUMBER SYMBOL NUMBER NUMBER NUMBER
    (36) command -> LINE NUMBER . NUMBER NUMBER SYMBOL NUMBER NUMBER NUMBER SYMBOL
    (14) NUMBER -> . DOUBLE

    DOUBLE          shift and go to state 35

    NUMBER                         shift and go to state 82

state 49

    (37) command -> LINE SYMBOL . NUMBER NUMBER NUMBER NUMBER NUMBER NUMBER
    (38) command -> LINE SYMBOL . NUMBER NUMBER NUMBER NUMBER NUMBER NUMBER SYMBOL
    (39) command -> LINE SYMBOL . NUMBER NUMBER NUMBER SYMBOL NUMBER NUMBER NUMBER
    (40) command -> LINE SYMBOL . NUMBER NUMBER NUMBER SYMBOL NUMBER NUMBER NUMBER SYMBOL
    (14) NUMBER -> . DOUBLE

    DOUBLE          shift and go to state 35

    NUMBER                         shift and go to state 83

state 50

    (13) TEXT -> STRING .

    STRING          reduce using rule 13 (TEXT -> STRING .)
    XYZ             reduce using rule 13 (TEXT -> STRING .)
    ID              reduce using rule 13 (TEXT -> STRING .)
    $end            reduce using rule 13 (TEXT -> STRING .)


state 51

    (48) command -> BASENAME TEXT .

    $end            reduce using rule 48 (command -> BASENAME TEXT .)


state 52

    (12) TEXT -> SYMBOL .

    STRING          reduce using rule 12 (TEXT -> SYMBOL .)
    XYZ             reduce using rule 12 (TEXT -> SYMBOL .)
    ID              reduce using rule 12 (TEXT -> SYMBOL .)
    $end            reduce using rule 12 (TEXT -> SYMBOL .)


state 53

    (50) command -> SET SYMBOL . NUMBER
    (14) NUMBER -> . DOUBLE

    DOUBLE          shift and go to state 35

    NUMBER                         shift and go to state 84

state 54

    (57) command -> CAMERA NUMBER . NUMBER NUMBER NUMBER NUMBER NUMBER
    (14) NUMBER -> . DOUBLE

    DOUBLE          shift and go to state 35

    NUMBER                         shift and go to state 85

state 55

    (55) command -> LIGHT SYMBOL . NUMBER NUMBER NUMBER NUMBER NUMBER NUMBER
    (14) NUMBER -> . DOUBLE

    DOUBLE          shift and go to state 35

    NUMBER                         shift and go to state 86

state 56

    (6) command -> SET_DEFAULT SYMBOL .

    $end            reduce using rule 6 (command -> SET_DEFAULT SYMBOL .)


state 57

    (5) command -> SET_DEFAULT NUMBER . NUMBER NUMBER NUMBER NUMBER NUMBER NUMBER NUMBER NUMBER
    (14) NUMBER -> . DOUBLE

    DOUBLE          shift and go to state 35

    NUMBER                         shift and go to state 87

state 58

    (17) command -> SCREEN NUMBER . NUMBER
    (14) NUMBER -> . DOUBLE

    DOUBLE          shift and go to state 35

    NUMBER                         shift and go to state 88

state 59

    (66) command -> FOCAL NUMBER .

    $end            reduce using rule 66 (command -> FOCAL NUMBER .)


state 60

    (25) command -> TORUS NUMBER . NUMBER NUMBER NUMBER NUMBER
    (26) command -> TORUS NUMBER . NUMBER NUMBER NUMBER NUMBER SYMBOL
    (14) NUMBER -> . DOUBLE

    DOUBLE          shift and go to state 35

    NUMBER                         shift and go to state 89

state 61

    (27) command -> TORUS SYMBOL . NUMBER NUMBER NUMBER NUMBER NUMBER
    (28) command -> TORUS SYMBOL . NUMBER NUMBER NUMBER NUMBER NUMBER SYMBOL
    (14) NUMBER -> . DOUBLE

    DOUBLE          shift and go to state 35

    NUMBER                         shift and go to state 90

state 62

    (63) command -> SAVE_KNOBS SYMBOL .

    $end            reduce using rule 63 (command -> SAVE_KNOBS SYMBOL .)


state 63

    (65) command -> TWEEN NUMBER . NUMBER SYMBOL SYMBOL
    (14) NUMBER -> . DOUBLE

    DOUBLE          shift and go to state 35

    NUMBER                         shift and go to state 91

state 64

    (22) command -> SPHERE SYMBOL . NUMBER NUMBER NUMBER NUMBER
    (24) command -> SPHERE SYMBOL . NUMBER NUMBER NUMBER NUMBER SYMBOL
    (14) NUMBER -> . DOUBLE

    DOUBLE          shift and go to state 35

    NUMBER                         shift and go to state 92

state 65

    (21) command -> SPHERE NUMBER . NUMBER NUMBER NUMBER
    (23) command -> SPHERE NUMBER . NUMBER NUMBER NUMBER SYMBOL
    (14) NUMBER -> . DOUBLE

    DOUBLE          shift and go to state 35

    NUMBER                         shift and go to state 93

state 66

    (59) command -> MESH CO . TEXT TEXT
    (61) command -> MESH CO . TEXT TEXT SYMBOL
    (12) TEXT -> . SYMBOL
    (13) TEXT -> . STRING
    (10) SYMBOL -> . XYZ
    (11) SYMBOL -> . ID

    STRING          shift and go to state 50
    XYZ             shift and go to state 39
    ID              shift and go to state 38

    TEXT                           shift and go to state 94
    SYMBOL                         shift and go to state 52

state 67

    (60) command -> MESH SYMBOL . CO TEXT TEXT
    (62) command -> MESH SYMBOL . CO TEXT TEXT SYMBOL

    CO              shift and go to state 95


state 68

    (56) command -> SHADING SHADING_TYPE .

    $end            reduce using rule 56 (command -> SHADING SHADING_TYPE .)


state 69

    (45) command -> ROTATE XYZ . NUMBER SYMBOL
    (46) command -> ROTATE XYZ . NUMBER
    (14) NUMBER -> . DOUBLE

    DOUBLE          shift and go to state 35

    NUMBER                         shift and go to state 96

state 70

    (51) command -> SET_KNOBS NUMBER .

    $end            reduce using rule 51 (command -> SET_KNOBS NUMBER .)


state 71

    (52) command -> AMBIENT NUMBER . NUMBER NUMBER
    (14) NUMBER -> . DOUBLE

    DOUBLE          shift and go to state 35

    NUMBER                         shift and go to state 97

state 72

    (19) command -> SAVE TEXT . TEXT
    (12) TEXT -> . SYMBOL
    (13) TEXT -> . STRING
    (10) SYMBOL -> . XYZ
    (11) SYMBOL -> . ID

    STRING          shift and go to state 50
    XYZ             shift and go to state 39
    ID              shift and go to state 38

    TEXT                           shift and go to state 98
    SYMBOL                         shift and go to state 52

state 73

    (53) command -> CONSTANTS SYMBOL . NUMBER NUMBER NUMBER NUMBER NUMBER NUMBER NUMBER NUMBER NUMBER
    (54) command -> CONSTANTS SYMBOL . NUMBER NUMBER NUMBER NUMBER NUMBER NUMBER NUMBER NUMBER NUMBER NUMBER NUMBER NUMBER
    (14) NUMBER -> . DOUBLE

    DOUBLE          shift and go to state 35

    NUMBER                         shift and go to state 99

state 74

    (31) command -> BOX SYMBOL NUMBER . NUMBER NUMBER NUMBER NUMBER NUMBER
    (32) command -> BOX SYMBOL NUMBER . NUMBER NUMBER NUMBER NUMBER NUMBER SYMBOL
    (14) NUMBER -> . DOUBLE

    DOUBLE          shift and go to state 35

    NUMBER                         shift and go to state 100

state 75

    (29) command -> BOX NUMBER NUMBER . NUMBER NUMBER NUMBER NUMBER
    (30) command -> BOX NUMBER NUMBER . NUMBER NUMBER NUMBER NUMBER SYMBOL
    (14) NUMBER -> . DOUBLE

    DOUBLE          shift and go to state 35

    NUMBER                         shift and go to state 101

state 76

    (43) command -> SCALE NUMBER NUMBER . NUMBER SYMBOL
    (44) command -> SCALE NUMBER NUMBER . NUMBER
    (14) NUMBER -> . DOUBLE

    DOUBLE          shift and go to state 35

    NUMBER                         shift and go to state 102

state 77

    (3) command -> TRIANGLE SYMBOL NUMBER . NUMBER NUMBER NUMBER NUMBER NUMBER NUMBER NUMBER NUMBER
    (4) command -> TRIANGLE SYMBOL NUMBER . NUMBER NUMBER NUMBER NUMBER NUMBER NUMBER NUMBER NUMBER SYMBOL
    (14) NUMBER -> . DOUBLE

    DOUBLE          shift and go to state 35

    NUMBER                         shift and go to state 103

state 78

    (1) command -> TRIANGLE NUMBER NUMBER . NUMBER NUMBER NUMBER NUMBER NUMBER NUMBER NUMBER
    (2) command -> TRIANGLE NUMBER NUMBER . NUMBER NUMBER NUMBER NUMBER NUMBER NUMBER NUMBER SYMBOL
    (14) NUMBER -> . DOUBLE

    DOUBLE          shift and go to state 35

    NUMBER                         shift and go to state 104

state 79

    (41) command -> MOVE NUMBER NUMBER . NUMBER SYMBOL
    (42) command -> MOVE NUMBER NUMBER . NUMBER
    (14) NUMBER -> . DOUBLE

    DOUBLE          shift and go to state 35

    NUMBER                         shift and go to state 105

state 80

    (49) command -> VARY SYMBOL NUMBER . NUMBER NUMBER NUMBER
    (14) NUMBER -> . DOUBLE

    DOUBLE          shift and go to state 35

    NUMBER                         shift and go to state 106

state 81

    (68) command -> TEXTURE SYMBOL NUMBER . NUMBER NUMBER NUMBER NUMBER NUMBER NUMBER NUMBER NUMBER NUMBER NUMBER NUMBER
    (14) NUMBER -> . DOUBLE

    DOUBLE          shift and go to state 35

    NUMBER                         shift and go to state 107

state 82

    (33) command -> LINE NUMBER NUMBER . NUMBER NUMBER NUMBER NUMBER
    (34) command -> LINE NUMBER NUMBER . NUMBER NUMBER NUMBER NUMBER SYMBOL
    (35) command -> LINE NUMBER NUMBER . NUMBER SYMBOL NUMBER NUMBER NUMBER
    (36) command -> LINE NUMBER NUMBER . NUMBER SYMBOL NUMBER NUMBER NUMBER SYMBOL
    (14) NUMBER -> . DOUBLE

    DOUBLE          shift and go to state 35

    NUMBER                         shift and go to state 108

state 83

    (37) command -> LINE SYMBOL NUMBER . NUMBER NUMBER NUMBER NUMBER NUMBER
    (38) command -> LINE SYMBOL NUMBER . NUMBER NUMBER NUMBER NUMBER NUMBER SYMBOL
    (39) command -> LINE SYMBOL NUMBER . NUMBER NUMBER SYMBOL NUMBER NUMBER NUMBER
    (40) command -> LINE SYMBOL NUMBER . NUMBER NUMBER SYMBOL NUMBER NUMBER NUMBER SYMBOL
    (14) NUMBER -> . DOUBLE

    DOUBLE          shift and go to state 35

    NUMBER                         shift and go to state 109

state 84

    (50) command -> SET SYMBOL NUMBER .

    $end            reduce using rule 50 (command -> SET SYMBOL NUMBER .)


state 85

    (57) command -> CAMERA NUMBER NUMBER . NUMBER NUMBER NUMBER NUMBER
    (14) NUMBER -> . DOUBLE

    DOUBLE          shift and go to state 35

    NUMBER                         shift and go to state 110

state 86

    (55) command -> LIGHT SYMBOL NUMBER . NUMBER NUMBER NUMBER NUMBER NUMBER
    (14) NUMBER -> . DOUBLE

    DOUBLE          shift and go to state 35

    NUMBER                         shift and go to state 111

state 87

    (5) command -> SET_DEFAULT NUMBER NUMBER . NUMBER NUMBER NUMBER NUMBER NUMBER NUMBER NUMBER
    (14) NUMBER -> . DOUBLE

    DOUBLE          shift and go to state 35

    NUMBER                         shift and go to state 112

state 88

    (17) command -> SCREEN NUMBER NUMBER .

    $end            reduce using rule 17 (command -> SCREEN NUMBER NUMBER .)


state 89

    (25) command -> TORUS NUMBER NUMBER . NUMBER NUMBER NUMBER
    (26) command -> TORUS NUMBER NUMBER . NUMBER NUMBER NUMBER SYMBOL
    (14) NUMBER -> . DOUBLE

    DOUBLE          shift and go to state 35

    NUMBER                         shift and go to state 113

state 90

    (27) command -> TORUS SYMBOL NUMBER . NUMBER NUMBER NUMBER NUMBER
    (28) command -> TORUS SYMBOL NUMBER . NUMBER NUMBER NUMBER NUMBER SYMBOL
    (14) NUMBER -> . DOUBLE

    DOUBLE          shift and go to state 35

    NUMBER                         shift and go to state 114

state 91

    (65) command -> TWEEN NUMBER NUMBER . SYMBOL SYMBOL
    (10) SYMBOL -> . XYZ
    (11) SYMBOL -> . ID

    XYZ             shift and go to state 39
    ID              shift and go to state 38

    SYMBOL                         shift and go to state 115

state 92

    (22) command -> SPHERE SYMBOL NUMBER . NUMBER NUMBER NUMBER
    (24) command -> SPHERE SYMBOL NUMBER . NUMBER NUMBER NUMBER SYMBOL
    (14) NUMBER -> . DOUBLE

    DOUBLE          shift and go to state 35

    NUMBER                         shift and go to state 116

state 93

    (21) command -> SPHERE NUMBER NUMBER . NUMBER NUMBER
    (23) command -> SPHERE NUMBER NUMBER . NUMBER NUMBER SYMBOL
    (14) NUMBER -> . DOUBLE

    DOUBLE          shift and go to state 35

    NUMBER                         shift and go to state 117

state 94

    (59) command -> MESH CO TEXT . TEXT
    (61) command -> MESH CO TEXT . TEXT SYMBOL
    (12) TEXT -> . SYMBOL
    (13) TEXT -> . STRING
    (10) SYMBOL -> . XYZ
    (11) SYMBOL -> . ID

    STRING          shift and go to state 50
    XYZ             shift and go to state 39
    ID              shift and go to state 38

    TEXT                           shift and go to state 118
    SYMBOL                         shift and go to state 52

state 95

    (60) command -> MESH SYMBOL CO . TEXT TEXT
    (62) command -> MESH SYMBOL CO . TEXT TEXT SYMBOL
    (12) TEXT -> . SYMBOL
    (13) TEXT -> . STRING
    (10) SYMBOL -> . XYZ
    (11) SYMBOL -> . ID

    STRING          shift and go to state 50
    XYZ             shift and go to state 39
    ID              shift and go to state 38

    TEXT                           shift and go to state 119
    SYMBOL                         shift and go to state 52

state 96

    (45) command -> ROTATE XYZ NUMBER . SYMBOL
    (46) command -> ROTATE XYZ NUMBER .
    (10) SYMBOL -> . XYZ
    (11) SYMBOL -> . ID

    $end            reduce using rule 46 (command -> ROTATE XYZ NUMBER .)
    XYZ             shift and go to state 39
    ID              shift and go to state 38

    SYMBOL                         shift and go to state 120

state 97

    (52) command -> AMBIENT NUMBER NUMBER . NUMBER
    (14) NUMBER -> . DOUBLE

    DOUBLE          shift and go to state 35

    NUMBER                         shift and go to state 121

state 98

    (19) command -> SAVE TEXT TEXT .

    $end            reduce using rule 19 (command -> SAVE TEXT TEXT .)


state 99

    (53) command -> CONSTANTS SYMBOL NUMBER . NUMBER NUMBER NUMBER NUMBER NUMBER NUMBER NUMBER NUMBER
    (54) command -> CONSTANTS SYMBOL NUMBER . NUMBER NUMBER NUMBER NUMBER NUMBER NUMBER NUMBER NUMBER NUMBER NUMBER NUMBER
    (14) NUMBER -> . DOUBLE

    DOUBLE          shift and go to state 35

    NUMBER                         shift and go to state 122

state 100

    (31) command -> BOX SYMBOL NUMBER NUMBER . NUMBER NUMBER NUMBER NUMBER
    (32) command -> BOX SYMBOL NUMBER NUMBER . NUMBER NUMBER NUMBER NUMBER SYMBOL
    (14) NUMBER -> . DOUBLE

    DOUBLE          shift and go to state 35

    NUMBER                         shift and go to state 123

state 101

    (29) command -> BOX NUMBER NUMBER NUMBER . NUMBER NUMBER NUMBER
    (30) command -> BOX NUMBER NUMBER NUMBER . NUMBER NUMBER NUMBER SYMBOL
    (14) NUMBER -> . DOUBLE

    DOUBLE          shift and go to state 35

    NUMBER                         shift and go to state 124

state 102

    (43) command -> SCALE NUMBER NUMBER NUMBER . SYMBOL
    (44) command -> SCALE NUMBER NUMBER NUMBER .
    (10) SYMBOL -> . XYZ
    (11) SYMBOL -> . ID

    $end            reduce using rule 44 (command -> SCALE NUMBER NUMBER NUMBER .)
    XYZ             shift and go to state 39
    ID              shift and go to state 38

    SYMBOL                         shift and go to state 125

state 103

    (3) command -> TRIANGLE SYMBOL NUMBER NUMBER . NUMBER NUMBER NUMBER NUMBER NUMBER NUMBER NUMBER
    (4) command -> TRIANGLE SYMBOL NUMBER NUMBER . NUMBER NUMBER NUMBER NUMBER NUMBER NUMBER NUMBER SYMBOL
    (14) NUMBER -> . DOUBLE

    DOUBLE          shift and go to state 35

    NUMBER                         shift and go to state 126

state 104

    (1) command -> TRIANGLE NUMBER NUMBER NUMBER . NUMBER NUMBER NUMBER NUMBER NUMBER NUMBER
    (2) command -> TRIANGLE NUMBER NUMBER NUMBER . NUMBER NUMBER NUMBER NUMBER NUMBER NUMBER SYMBOL
    (14) NUMBER -> . DOUBLE

    DOUBLE          shift and go to state 35

    NUMBER                         shift and go to state 127

state 105

    (41) command -> MOVE NUMBER NUMBER NUMBER . SYMBOL
    (42) command -> MOVE NUMBER NUMBER NUMBER .
    (10) SYMBOL -> . XYZ
    (11) SYMBOL -> . ID

    $end            reduce using rule 42 (command -> MOVE NUMBER NUMBER NUMBER .)
    XYZ             shift and go to state 39
    ID              shift and go to state 38

    SYMBOL                         shift and go to state 128

state 106

    (49) command -> VARY SYMBOL NUMBER NUMBER . NUMBER NUMBER
    (14) NUMBER -> . DOUBLE

    DOUBLE          shift and go to state 35

    NUMBER                         shift and go to state 129

state 107

    (68) command -> TEXTURE SYMBOL NUMBER NUMBER . NUMBER NUMBER NUMBER NUMBER NUMBER NUMBER NUMBER NUMBER NUMBER NUMBER
    (14) NUMBER -> . DOUBLE

    DOUBLE          shift and go to state 35

    NUMBER                         shift and go to state 130

state 108

    (33) command -> LINE NUMBER NUMBER NUMBER . NUMBER NUMBER NUMBER
    (34) command -> LINE NUMBER NUMBER NUMBER . NUMBER NUMBER NUMBER SYMBOL
    (35) command -> LINE NUMBER NUMBER NUMBER . SYMBOL NUMBER NUMBER NUMBER
    (36) command -> LINE NUMBER NUMBER NUMBER . SYMBOL NUMBER NUMBER NUMBER SYMBOL
    (14) NUMBER -> . DOUBLE
    (10) SYMBOL -> . XYZ
    (11) SYMBOL -> . ID

    DOUBLE          shift and go to state 35
    XYZ             shift and go to state 39
    ID              shift and go to state 38

    SYMBOL                         shift and go to state 132
    NUMBER                         shift and go to state 131

state 109

    (37) command -> LINE SYMBOL NUMBER NUMBER . NUMBER NUMBER NUMBER NUMBER
    (38) command -> LINE SYMBOL NUMBER NUMBER . NUMBER NUMBER NUMBER NUMBER SYMBOL
    (39) command -> LINE SYMBOL NUMBER NUMBER . NUMBER SYMBOL NUMBER NUMBER NUMBER
    (40) command -> LINE SYMBOL NUMBER NUMBER . NUMBER SYMBOL NUMBER NUMBER NUMBER SYMBOL
    (14) NUMBER -> . DOUBLE

    DOUBLE          shift and go to state 35

    NUMBER                         shift and go to state 133

state 110

    (57) command -> CAMERA NUMBER NUMBER NUMBER . NUMBER NUMBER NUMBER
    (14) NUMBER -> . DOUBLE

    DOUBLE          shift and go to state 35

    NUMBER                         shift and go to state 134

state 111

    (55) command -> LIGHT SYMBOL NUMBER NUMBER . NUMBER NUMBER NUMBER NUMBER
    (14) NUMBER -> . DOUBLE

    DOUBLE          shift and go to state 35

    NUMBER                         shift and go to state 135

state 112

    (5) command -> SET_DEFAULT NUMBER NUMBER NUMBER . NUMBER NUMBER NUMBER NUMBER NUMBER NUMBER
    (14) NUMBER -> . DOUBLE

    DOUBLE          shift and go to state 35

    NUMBER                         shift and go to state 136

state 113

    (25) command -> TORUS NUMBER NUMBER NUMBER . NUMBER NUMBER
    (26) command -> TORUS NUMBER NUMBER NUMBER . NUMBER NUMBER SYMBOL
    (14) NUMBER -> . DOUBLE

    DOUBLE          shift and go to state 35

    NUMBER                         shift and go to state 137

state 114

    (27) command -> TORUS SYMBOL NUMBER NUMBER . NUMBER NUMBER NUMBER
    (28) command -> TORUS SYMBOL NUMBER NUMBER . NUMBER NUMBER NUMBER SYMBOL
    (14) NUMBER -> . DOUBLE

    DOUBLE          shift and go to state 35

    NUMBER                         shift and go to state 138

state 115

    (65) command -> TWEEN NUMBER NUMBER SYMBOL . SYMBOL
    (10) SYMBOL -> . XYZ
    (11) SYMBOL -> . ID

    XYZ             shift and go to state 39
    ID              shift and go to state 38

    SYMBOL                         shift and go to state 139

state 116

    (22) command -> SPHERE SYMBOL NUMBER NUMBER . NUMBER NUMBER
    (24) command -> SPHERE SYMBOL NUMBER NUMBER . NUMBER NUMBER SYMBOL
    (14) NUMBER -> . DOUBLE

    DOUBLE          shift and go to state 35

    NUMBER                         shift and go to state 140

state 117

    (21) command -> SPHERE NUMBER NUMBER NUMBER . NUMBER
    (23) command -> SPHERE NUMBER NUMBER NUMBER . NUMBER SYMBOL
    (14) NUMBER -> . DOUBLE

    DOUBLE          shift and go to state 35

    NUMBER                         shift and go to state 141

state 118

    (59) command -> MESH CO TEXT TEXT .
    (61) command -> MESH CO TEXT TEXT . SYMBOL
    (10) SYMBOL -> . XYZ
    (11) SYMBOL -> . ID

    $end            reduce using rule 59 (command -> MESH CO TEXT TEXT .)
    XYZ             shift and go to state 39
    ID              shift and go to state 38

    SYMBOL                         shift and go to state 142

state 119

    (60) command -> MESH SYMBOL CO TEXT . TEXT
    (62) command -> MESH SYMBOL CO TEXT . TEXT SYMBOL
    (12) TEXT -> . SYMBOL
    (13) TEXT -> . STRING
    (10) SYMBOL -> . XYZ
    (11) SYMBOL -> . ID

    STRING          shift and go to state 50
    XYZ             shift and go to state 39
    ID              shift and go to state 38

    TEXT                           shift and go to state 143
    SYMBOL                         shift and go to state 52

state 120

    (45) command -> ROTATE XYZ NUMBER SYMBOL .

    $end            reduce using rule 45 (command -> ROTATE XYZ NUMBER SYMBOL .)


state 121

    (52) command -> AMBIENT NUMBER NUMBER NUMBER .

    $end            reduce using rule 52 (command -> AMBIENT NUMBER NUMBER NUMBER .)


state 122

    (53) command -> CONSTANTS SYMBOL NUMBER NUMBER . NUMBER NUMBER NUMBER NUMBER NUMBER NUMBER NUMBER
    (54) command -> CONSTANTS SYMBOL NUMBER NUMBER . NUMBER NUMBER NUMBER NUMBER NUMBER NUMBER NUMBER NUMBER NUMBER NUMBER
    (14) NUMBER -> . DOUBLE

    DOUBLE          shift and go to state 35

    NUMBER                         shift and go to state 144

state 123

    (31) command -> BOX SYMBOL NUMBER NUMBER NUMBER . NUMBER NUMBER NUMBER
    (32) command -> BOX SYMBOL NUMBER NUMBER NUMBER . NUMBER NUMBER NUMBER SYMBOL
    (14) NUMBER -> . DOUBLE

    DOUBLE          shift and go to state 35

    NUMBER                         shift and go to state 145

state 124

    (29) command -> BOX NUMBER NUMBER NUMBER NUMBER . NUMBER NUMBER
    (30) command -> BOX NUMBER NUMBER NUMBER NUMBER . NUMBER NUMBER SYMBOL
    (14) NUMBER -> . DOUBLE

    DOUBLE          shift and go to state 35

    NUMBER                         shift and go to state 146

state 125

    (43) command -> SCALE NUMBER NUMBER NUMBER SYMBOL .

    $end            reduce using rule 43 (command -> SCALE NUMBER NUMBER NUMBER SYMBOL .)


state 126

    (3) command -> TRIANGLE SYMBOL NUMBER NUMBER NUMBER . NUMBER NUMBER NUMBER NUMBER NUMBER NUMBER
    (4) command -> TRIANGLE SYMBOL NUMBER NUMBER NUMBER . NUMBER NUMBER NUMBER NUMBER NUMBER NUMBER SYMBOL
    (14) NUMBER -> . DOUBLE

    DOUBLE          shift and go to state 35

    NUMBER                         shift and go to state 147

state 127

    (1) command -> TRIANGLE NUMBER NUMBER NUMBER NUMBER . NUMBER NUMBER NUMBER NUMBER NUMBER
    (2) command -> TRIANGLE NUMBER NUMBER NUMBER NUMBER . NUMBER NUMBER NUMBER NUMBER NUMBER SYMBOL
    (14) NUMBER -> . DOUBLE

    DOUBLE          shift and go to state 35

    NUMBER                         shift and go to state 148

state 128

    (41) command -> MOVE NUMBER NUMBER NUMBER SYMBOL .

    $end            reduce using rule 41 (command -> MOVE NUMBER NUMBER NUMBER SYMBOL .)


state 129

    (49) command -> VARY SYMBOL NUMBER NUMBER NUMBER . NUMBER
    (14) NUMBER -> . DOUBLE

    DOUBLE          shift and go to state 35

    NUMBER                         shift and go to state 149

state 130

    (68) command -> TEXTURE SYMBOL NUMBER NUMBER NUMBER . NUMBER NUMBER NUMBER NUMBER NUMBER NUMBER NUMBER NUMBER NUMBER
    (14) NUMBER -> . DOUBLE

    DOUBLE          shift and go to state 35

    NUMBER                         shift and go to state 150

state 131

    (33) command -> LINE NUMBER NUMBER NUMBER NUMBER . NUMBER NUMBER
    (34) command -> LINE NUMBER NUMBER NUMBER NUMBER . NUMBER NUMBER SYMBOL
    (14) NUMBER -> . DOUBLE

    DOUBLE          shift and go to state 35

    NUMBER                         shift and go to state 151

state 132

    (35) command -> LINE NUMBER NUMBER NUMBER SYMBOL . NUMBER NUMBER NUMBER
    (36) command -> LINE NUMBER NUMBER NUMBER SYMBOL . NUMBER NUMBER NUMBER SYMBOL
    (14) NUMBER -> . DOUBLE

    DOUBLE          shift and go to state 35

    NUMBER                         shift and go to state 152

state 133

    (37) command -> LINE SYMBOL NUMBER NUMBER NUMBER . NUMBER NUMBER NUMBER
    (38) command -> LINE SYMBOL NUMBER NUMBER NUMBER . NUMBER NUMBER NUMBER SYMBOL
    (39) command -> LINE SYMBOL NUMBER NUMBER NUMBER . SYMBOL NUMBER NUMBER NUMBER
    (40) command -> LINE SYMBOL NUMBER NUMBER NUMBER . SYMBOL NUMBER NUMBER NUMBER SYMBOL
    (14) NUMBER -> . DOUBLE
    (10) SYMBOL -> . XYZ
    (11) SYMBOL -> . ID

    DOUBLE          shift and go to state 35
    XYZ             shift and go to state 39
    ID              shift and go to state 38

    SYMBOL                         shift and go to state 153
    NUMBER                         shift and go to state 154

state 134

    (57) command -> CAMERA NUMBER NUMBER NUMBER NUMBER . NUMBER NUMBER
    (14) NUMBER -> . DOUBLE

    DOUBLE          shift and go to state 35

    NUMBER                         shift and go to state 155

state 135

    (55) command -> LIGHT SYMBOL NUMBER NUMBER NUMBER . NUMBER NUMBER NUMBER
    (14) NUMBER -> . DOUBLE

    DOUBLE          shift and go to state 35

    NUMBER                         shift and go to state 156

state 136

    (5) command -> SET_DEFAULT NUMBER NUMBER NUMBER NUMBER . NUMBER NUMBER NUMBER NUMBER NUMBER
    (14) NUMBER -> . DOUBLE

    DOUBLE          shift and go to state 35

    NUMBER                         shift and go to state 157

state 137

    (25) command -> TORUS NUMBER NUMBER NUMBER NUMBER . NUMBER
    (26) command -> TORUS NUMBER NUMBER NUMBER NUMBER . NUMBER SYMBOL
    (14) NUMBER -> . DOUBLE

    DOUBLE          shift and go to state 35

    NUMBER                         shift and go to state 158

state 138

    (27) command -> TORUS SYMBOL NUMBER NUMBER NUMBER . NUMBER NUMBER
    (28) command -> TORUS SYMBOL NUMBER NUMBER NUMBER . NUMBER NUMBER SYMBOL
    (14) NUMBER -> . DOUBLE

    DOUBLE          shift and go to state 35

    NUMBER                         shift and go to state 159

state 139

    (65) command -> TWEEN NUMBER NUMBER SYMBOL SYMBOL .

    $end            reduce using rule 65 (command -> TWEEN NUMBER NUMBER SYMBOL SYMBOL .)


state 140

    (22) command -> SPHERE SYMBOL NUMBER NUMBER NUMBER . NUMBER
    (24) command -> SPHERE SYMBOL NUMBER NUMBER NUMBER . NUMBER SYMBOL
    (14) NUMBER -> . DOUBLE

    DOUBLE          shift and go to state 35

    NUMBER                         shift and go to state 160

state 141

    (21) command -> SPHERE NUMBER NUMBER NUMBER NUMBER .
    (23) command -> SPHERE NUMBER NUMBER NUMBER NUMBER . SYMBOL
    (10) SYMBOL -> . XYZ
    (11) SYMBOL -> . ID

    $end            reduce using rule 21 (command -> SPHERE NUMBER NUMBER NUMBER NUMBER .)
    XYZ             shift and go to state 39
    ID              shift and go to state 38

    SYMBOL                         shift and go to state 161

state 142

    (61) command -> MESH CO TEXT TEXT SYMBOL .

    $end            reduce using rule 61 (command -> MESH CO TEXT TEXT SYMBOL .)


state 143

    (60) command -> MESH SYMBOL CO TEXT TEXT .
    (62) command -> MESH SYMBOL CO TEXT TEXT . SYMBOL
    (10) SYMBOL -> . XYZ
    (11) SYMBOL -> . ID

    $end            reduce using rule 60 (command -> MESH SYMBOL CO TEXT TEXT .)
    XYZ             shift and go to state 39
    ID              shift and go to state 38

    SYMBOL                         shift and go to state 162

state 144

    (53) command -> CONSTANTS SYMBOL NUMBER NUMBER NUMBER . NUMBER NUMBER NUMBER NUMBER NUMBER NUMBER
    (54) command -> CONSTANTS SYMBOL NUMBER NUMBER NUMBER . NUMBER NUMBER NUMBER NUMBER NUMBER NUMBER NUMBER NUMBER NUMBER
    (14) NUMBER -> . DOUBLE

    DOUBLE          shift and go to state 35

    NUMBER                         shift and go to state 163

state 145

    (31) command -> BOX SYMBOL NUMBER NUMBER NUMBER NUMBER . NUMBER NUMBER
    (32) command -> BOX SYMBOL NUMBER NUMBER NUMBER NUMBER . NUMBER NUMBER SYMBOL
    (14) NUMBER -> . DOUBLE

    DOUBLE          shift and go to state 35

    NUMBER                         shift and go to state 164

state 146

    (29) command -> BOX NUMBER NUMBER NUMBER NUMBER NUMBER . NUMBER
    (30) command -> BOX NUMBER NUMBER NUMBER NUMBER NUMBER . NUMBER SYMBOL
    (14) NUMBER -> . DOUBLE

    DOUBLE          shift and go to state 35

    NUMBER                         shift and go to state 165

state 147

    (3) command -> TRIANGLE SYMBOL NUMBER NUMBER NUMBER NUMBER . NUMBER NUMBER NUMBER NUMBER NUMBER
    (4) command -> TRIANGLE SYMBOL NUMBER NUMBER NUMBER NUMBER . NUMBER NUMBER NUMBER NUMBER NUMBER SYMBOL
    (14) NUMBER -> . DOUBLE

    DOUBLE          shift and go to state 35

    NUMBER                         shift and go to state 166

state 148

    (1) command -> TRIANGLE NUMBER NUMBER NUMBER NUMBER NUMBER . NUMBER NUMBER NUMBER NUMBER
    (2) command -> TRIANGLE NUMBER NUMBER NUMBER NUMBER NUMBER . NUMBER NUMBER NUMBER NUMBER SYMBOL
    (14) NUMBER -> . DOUBLE

    DOUBLE          shift and go to state 35

    NUMBER                         shift and go to state 167

state 149

    (49) command -> VARY SYMBOL NUMBER NUMBER NUMBER NUMBER .

    $end            reduce using rule 49 (command -> VARY SYMBOL NUMBER NUMBER NUMBER NUMBER .)


state 150

    (68) command -> TEXTURE SYMBOL NUMBER NUMBER NUMBER NUMBER . NUMBER NUMBER NUMBER NUMBER NUMBER NUMBER NUMBER NUMBER
    (14) NUMBER -> . DOUBLE

    DOUBLE          shift and go to state 35

    NUMBER                         shift and go to state 168

state 151

    (33) command -> LINE NUMBER NUMBER NUMBER NUMBER NUMBER . NUMBER
    (34) command -> LINE NUMBER NUMBER NUMBER NUMBER NUMBER . NUMBER SYMBOL
    (14) NUMBER -> . DOUBLE

    DOUBLE          shift and go to state 35

    NUMBER                         shift and go to state 169

state 152

    (35) command -> LINE NUMBER NUMBER NUMBER SYMBOL NUMBER . NUMBER NUMBER
    (36) command -> LINE NUMBER NUMBER NUMBER SYMBOL NUMBER . NUMBER NUMBER SYMBOL
    (14) NUMBER -> . DOUBLE

    DOUBLE          shift and go to state 35

    NUMBER                         shift and go to state 170

state 153

    (39) command -> LINE SYMBOL NUMBER NUMBER NUMBER SYMBOL . NUMBER NUMBER NUMBER
    (40) command -> LINE SYMBOL NUMBER NUMBER NUMBER SYMBOL . NUMBER NUMBER NUMBER SYMBOL
    (14) NUMBER -> . DOUBLE

    DOUBLE          shift and go to state 35

    NUMBER                         shift and go to state 171

state 154

    (37) command -> LINE SYMBOL NUMBER NUMBER NUMBER NUMBER . NUMBER NUMBER
    (38) command -> LINE SYMBOL NUMBER NUMBER NUMBER NUMBER . NUMBER NUMBER SYMBOL
    (14) NUMBER -> . DOUBLE

    DOUBLE          shift and go to state 35

    NUMBER                         shift and go to state 172

state 155

    (57) command -> CAMERA NUMBER NUMBER NUMBER NUMBER NUMBER . NUMBER
    (14) NUMBER -> . DOUBLE

    DOUBLE          shift and go to state 35

    NUMBER                         shift and go to state 173

state 156

    (55) command -> LIGHT SYMBOL NUMBER NUMBER NUMBER NUMBER . NUMBER NUMBER
    (14) NUMBER -> . DOUBLE

    DOUBLE          shift and go to state 35

    NUMBER                         shift and go to state 174

state 157

    (5) command -> SET_DEFAULT NUMBER NUMBER NUMBER NUMBER NUMBER . NUMBER NUMBER NUMBER NUMBER
    (14) NUMBER -> . DOUBLE

    DOUBLE          shift and go to state 35

    NUMBER                         shift and go to state 175

state 158

    (25) command -> TORUS NUMBER NUMBER NUMBER NUMBER NUMBER .
    (26) command -> TORUS NUMBER NUMBER NUMBER NUMBER NUMBER . SYMBOL
    (10) SYMBOL -> . XYZ
    (11) SYMBOL -> . ID

    $end            reduce using rule 25 (command -> TORUS NUMBER NUMBER NUMBER NUMBER NUMBER .)
    XYZ             shift and go to state 39
    ID              shift and go to state 38

    SYMBOL                         shift and go to state 176

state 159

    (27) command -> TORUS SYMBOL NUMBER NUMBER NUMBER NUMBER . NUMBER
    (28) command -> TORUS SYMBOL NUMBER NUMBER NUMBER NUMBER . NUMBER SYMBOL
    (14) NUMBER -> . DOUBLE

    DOUBLE          shift and go to state 35

    NUMBER                         shift and go to state 177

state 160

    (22) command -> SPHERE SYMBOL NUMBER NUMBER NUMBER NUMBER .
    (24) command -> SPHERE SYMBOL NUMBER NUMBER NUMBER NUMBER . SYMBOL
    (10) SYMBOL -> . XYZ
    (11) SYMBOL -> . ID

    $end            reduce using rule 22 (command -> SPHERE SYMBOL NUMBER NUMBER NUMBER NUMBER .)
    XYZ             shift and go to state 39
    ID              shift and go to state 38

    SYMBOL                         shift and go to state 178

state 161

    (23) command -> SPHERE NUMBER NUMBER NUMBER NUMBER SYMBOL .

    $end            reduce using rule 23 (command -> SPHERE NUMBER NUMBER NUMBER NUMBER SYMBOL .)


state 162

    (62) command -> MESH SYMBOL CO TEXT TEXT SYMBOL .

    $end            reduce using rule 62 (command -> MESH SYMBOL CO TEXT TEXT SYMBOL .)


state 163

    (53) command -> CONSTANTS SYMBOL NUMBER NUMBER NUMBER NUMBER . NUMBER NUMBER NUMBER NUMBER NUMBER
    (54) command -> CONSTANTS SYMBOL NUMBER NUMBER NUMBER NUMBER . NUMBER NUMBER NUMBER NUMBER NUMBER NUMBER NUMBER NUMBER
    (14) NUMBER -> . DOUBLE

    DOUBLE          shift and go to state 35

    NUMBER                         shift and go to state 179

state 164

    (31) command -> BOX SYMBOL NUMBER NUMBER NUMBER NUMBER NUMBER . NUMBER
    (32) command -> BOX SYMBOL NUMBER NUMBER NUMBER NUMBER NUMBER . NUMBER SYMBOL
    (14) NUMBER -> . DOUBLE

    DOUBLE          shift and go to state 35

    NUMBER                         shift and go to state 180

state 165

    (29) command -> BOX NUMBER NUMBER NUMBER NUMBER NUMBER NUMBER .
    (30) command -> BOX NUMBER NUMBER NUMBER NUMBER NUMBER NUMBER . SYMBOL
    (10) SYMBOL -> . XYZ
    (11) SYMBOL -> . ID

    $end            reduce using rule 29 (command -> BOX NUMBER NUMBER NUMBER NUMBER NUMBER NUMBER .)
    XYZ             shift and go to state 39
    ID              shift and go to state 38

    SYMBOL                         shift and go to state 181

state 166

    (3) command -> TRIANGLE SYMBOL NUMBER NUMBER NUMBER NUMBER NUMBER . NUMBER NUMBER NUMBER NUMBER
    (4) command -> TRIANGLE SYMBOL NUMBER NUMBER NUMBER NUMBER NUMBER . NUMBER NUMBER NUMBER NUMBER SYMBOL
    (14) NUMBER -> . DOUBLE

    DOUBLE          shift and go to state 35

    NUMBER                         shift and go to state 182

state 167

    (1) command -> TRIANGLE NUMBER NUMBER NUMBER NUMBER NUMBER NUMBER . NUMBER NUMBER NUMBER
    (2) command -> TRIANGLE NUMBER NUMBER NUMBER NUMBER NUMBER NUMBER . NUMBER NUMBER NUMBER SYMBOL
    (14) NUMBER -> . DOUBLE

    DOUBLE          shift and go to state 35

    NUMBER                         shift and go to state 183

state 168

    (68) command -> TEXTURE SYMBOL NUMBER NUMBER NUMBER NUMBER NUMBER . NUMBER NUMBER NUMBER NUMBER NUMBER NUMBER NUMBER
    (14) NUMBER -> . DOUBLE

    DOUBLE          shift and go to state 35

    NUMBER                         shift and go to state 184

state 169

    (33) command -> LINE NUMBER NUMBER NUMBER NUMBER NUMBER NUMBER .
    (34) command -> LINE NUMBER NUMBER NUMBER NUMBER NUMBER NUMBER . SYMBOL
    (10) SYMBOL -> . XYZ
    (11) SYMBOL -> . ID

    $end            reduce using rule 33 (command -> LINE NUMBER NUMBER NUMBER NUMBER NUMBER NUMBER .)
    XYZ             shift and go to state 39
    ID              shift and go to state 38

    SYMBOL                         shift and go to state 185

state 170

    (35) command -> LINE NUMBER NUMBER NUMBER SYMBOL NUMBER NUMBER . NUMBER
    (36) command -> LINE NUMBER NUMBER NUMBER SYMBOL NUMBER NUMBER . NUMBER SYMBOL
    (14) NUMBER -> . DOUBLE

    DOUBLE          shift and go to state 35

    NUMBER                         shift and go to state 186

state 171

    (39) command -> LINE SYMBOL NUMBER NUMBER NUMBER SYMBOL NUMBER . NUMBER NUMBER
    (40) command -> LINE SYMBOL NUMBER NUMBER NUMBER SYMBOL NUMBER . NUMBER NUMBER SYMBOL
    (14) NUMBER -> . DOUBLE

    DOUBLE          shift and go to state 35

    NUMBER                         shift and go to state 187

state 172

    (37) command -> LINE SYMBOL NUMBER NUMBER NUMBER NUMBER NUMBER . NUMBER
    (38) command -> LINE SYMBOL NUMBER NUMBER NUMBER NUMBER NUMBER . NUMBER SYMBOL
    (14) NUMBER -> . DOUBLE

    DOUBLE          shift and go to state 35

    NUMBER                         shift and go to state 188

state 173

    (57) command -> CAMERA NUMBER NUMBER NUMBER NUMBER NUMBER NUMBER .

    $end            reduce using rule 57 (command -> CAMERA NUMBER NUMBER NUMBER NUMBER NUMBER NUMBER .)


state 174

    (55) command -> LIGHT SYMBOL NUMBER NUMBER NUMBER NUMBER NUMBER . NUMBER
    (14) NUMBER -> . DOUBLE

    DOUBLE          shift and go to state 35

    NUMBER                         shift and go to state 189

state 175

    (5) command -> SET_DEFAULT NUMBER NUMBER NUMBER NUMBER NUMBER NUMBER . NUMBER NUMBER NUMBER
    (14) NUMBER -> . DOUBLE

    DOUBLE          shift and go to state 35

    NUMBER                         shift and go to state 190

state 176

    (26) command -> TORUS NUMBER NUMBER NUMBER NUMBER NUMBER SYMBOL .

    $end            reduce using rule 26 (command -> TORUS NUMBER NUMBER NUMBER NUMBER NUMBER SYMBOL .)


state 177

    (27) command -> TORUS SYMBOL NUMBER NUMBER NUMBER NUMBER NUMBER .
    (28) command -> TORUS SYMBOL NUMBER NUMBER NUMBER NUMBER NUMBER . SYMBOL
    (10) SYMBOL -> . XYZ
    (11) SYMBOL -> . ID

    $end            reduce using rule 27 (command -> TORUS SYMBOL NUMBER NUMBER NUMBER NUMBER NUMBER .)
    XYZ             shift and go to state 39
    ID              shift and go to state 38

    SYMBOL                         shift and go to state 191

state 178

    (24) command -> SPHERE SYMBOL NUMBER NUMBER NUMBER NUMBER SYMBOL .

    $end            reduce using rule 24 (command -> SPHERE SYMBOL NUMBER NUMBER NUMBER NUMBER SYMBOL .)


state 179

    (53) command -> CONSTANTS SYMBOL NUMBER NUMBER NUMBER NUMBER NUMBER . NUMBER NUMBER NUMBER NUMBER
    (54) command -> CONSTANTS SYMBOL NUMBER NUMBER NUMBER NUMBER NUMBER . NUMBER NUMBER NUMBER NUMBER NUMBER NUMBER NUMBER
    (14) NUMBER -> . DOUBLE

    DOUBLE          shift and go to state 35

    NUMBER                         shift and go to state 192

state 180

    (31) command -> BOX SYMBOL NUMBER NUMBER NUMBER NUMBER NUMBER NUMBER .
    (32) command -> BOX SYMBOL NUMBER NUMBER NUMBER NUMBER NUMBER NUMBER . SYMBOL
    (10) SYMBOL -> . XYZ
    (11) SYMBOL -> . ID

    $end            reduce using rule 31 (command -> BOX SYMBOL NUMBER NUMBER NUMBER NUMBER NUMBER NUMBER .)
    XYZ             shift and go to state 39
    ID              shift and go to state 38

    SYMBOL                         shift and go to state 193

state 181

    (30) command -> BOX NUMBER NUMBER NUMBER NUMBER NUMBER NUMBER SYMBOL .

    $end            reduce using rule 30 (command -> BOX NUMBER NUMBER NUMBER NUMBER NUMBER NUMBER SYMBOL .)


state 182

    (3) command -> TRIANGLE SYMBOL NUMBER NUMBER NUMBER NUMBER NUMBER NUMBER . NUMBER NUMBER NUMBER
    (4) command -> TRIANGLE SYMBOL NUMBER NUMBER NUMBER NUMBER NUMBER NUMBER . NUMBER NUMBER NUMBER SYMBOL
    (14) NUMBER -> . DOUBLE

    DOUBLE          shift and go to state 35

    NUMBER                         shift and go to state 194

state 183

    (1) command -> TRIANGLE NUMBER NUMBER NUMBER NUMBER NUMBER NUMBER NUMBER . NUMBER NUMBER
    (2) command -> TRIANGLE NUMBER NUMBER NUMBER NUMBER NUMBER NUMBER NUMBER . NUMBER NUMBER SYMBOL
    (14) NUMBER -> . DOUBLE

    DOUBLE          shift and go to state 35

    NUMBER                         shift and go to state 195

state 184

    (68) command -> TEXTURE SYMBOL NUMBER NUMBER NUMBER NUMBER NUMBER NUMBER . NUMBER NUMBER NUMBER NUMBER NUMBER NUMBER
    (14) NUMBER -> . DOUBLE

    DOUBLE          shift and go to state 35

    NUMBER                         shift and go to state 196

state 185

    (34) command -> LINE NUMBER NUMBER NUMBER NUMBER NUMBER NUMBER SYMBOL .

    $end            reduce using rule 34 (command -> LINE NUMBER NUMBER NUMBER NUMBER NUMBER NUMBER SYMBOL .)


state 186

    (35) command -> LINE NUMBER NUMBER NUMBER SYMBOL NUMBER NUMBER NUMBER .
    (36) command -> LINE NUMBER NUMBER NUMBER SYMBOL NUMBER NUMBER NUMBER . SYMBOL
    (10) SYMBOL -> . XYZ
    (11) SYMBOL -> . ID

    $end            reduce using rule 35 (command -> LINE NUMBER NUMBER NUMBER SYMBOL NUMBER NUMBER NUMBER .)
    XYZ             shift and go to state 39
    ID              shift and go to state 38

    SYMBOL                         shift and go to state 197

state 187

    (39) command -> LINE SYMBOL NUMBER NUMBER NUMBER SYMBOL NUMBER NUMBER . NUMBER
    (40) command -> LINE SYMBOL NUMBER NUMBER NUMBER SYMBOL NUMBER NUMBER . NUMBER SYMBOL
    (14) NUMBER -> . DOUBLE

    DOUBLE          shift and go to state 35

    NUMBER                         shift and go to state 198

state 188

    (37) command -> LINE SYMBOL NUMBER NUMBER NUMBER NUMBER NUMBER NUMBER .
    (38) command -> LINE SYMBOL NUMBER NUMBER NUMBER NUMBER NUMBER NUMBER . SYMBOL
    (10) SYMBOL -> . XYZ
    (11) SYMBOL -> . ID

    $end            reduce using rule 37 (command -> LINE SYMBOL NUMBER NUMBER NUMBER NUMBER NUMBER NUMBER .)
    XYZ             shift and go to state 39
    ID              shift and go to state 38

    SYMBOL                         shift and go to state 199

state 189

    (55) command -> LIGHT SYMBOL NUMBER NUMBER NUMBER NUMBER NUMBER NUMBER .

    $end            reduce using rule 55 (command -> LIGHT SYMBOL NUMBER NUMBER NUMBER NUMBER NUMBER NUMBER .)


state 190

    (5) command -> SET_DEFAULT NUMBER NUMBER NUMBER NUMBER NUMBER NUMBER NUMBER . NUMBER NUMBER
    (14) NUMBER -> . DOUBLE

    DOUBLE          shift and go to state 35

    NUMBER                         shift and go to state 200

state 191

    (28) command -> TORUS SYMBOL NUMBER NUMBER NUMBER NUMBER NUMBER SYMBOL .

    $end            reduce using rule 28 (command -> TORUS SYMBOL NUMBER NUMBER NUMBER NUMBER NUMBER SYMBOL .)


state 192

    (53) command -> CONSTANTS SYMBOL NUMBER NUMBER NUMBER NUMBER NUMBER NUMBER . NUMBER NUMBER NUMBER
    (54) command -> CONSTANTS SYMBOL NUMBER NUMBER NUMBER NUMBER NUMBER NUMBER . NUMBER NUMBER NUMBER NUMBER NUMBER NUMBER
    (14) NUMBER -> . DOUBLE

    DOUBLE          shift and go to state 35

    NUMBER                         shift and go to state 201

state 193

    (32) command -> BOX SYMBOL NUMBER NUMBER NUMBER NUMBER NUMBER NUMBER SYMBOL .

    $end            reduce using rule 32 (command -> BOX SYMBOL NUMBER NUMBER NUMBER NUMBER NUMBER NUMBER SYMBOL .)


state 194

    (3) command -> TRIANGLE SYMBOL NUMBER NUMBER NUMBER NUMBER NUMBER NUMBER NUMBER . NUMBER NUMBER
    (4) command -> TRIANGLE SYMBOL NUMBER NUMBER NUMBER NUMBER NUMBER NUMBER NUMBER . NUMBER NUMBER SYMBOL
    (14) NUMBER -> . DOUBLE

    DOUBLE          shift and go to state 35

    NUMBER                         shift and go to state 202

state 195

    (1) command -> TRIANGLE NUMBER NUMBER NUMBER NUMBER NUMBER NUMBER NUMBER NUMBER . NUMBER
    (2) command -> TRIANGLE NUMBER NUMBER NUMBER NUMBER NUMBER NUMBER NUMBER NUMBER . NUMBER SYMBOL
    (14) NUMBER -> . DOUBLE

    DOUBLE          shift and go to state 35

    NUMBER                         shift and go to state 203

state 196

    (68) command -> TEXTURE SYMBOL NUMBER NUMBER NUMBER NUMBER NUMBER NUMBER NUMBER . NUMBER NUMBER NUMBER NUMBER NUMBER
    (14) NUMBER -> . DOUBLE

    DOUBLE          shift and go to state 35

    NUMBER                         shift and go to state 204

state 197

    (36) command -> LINE NUMBER NUMBER NUMBER SYMBOL NUMBER NUMBER NUMBER SYMBOL .

    $end            reduce using rule 36 (command -> LINE NUMBER NUMBER NUMBER SYMBOL NUMBER NUMBER NUMBER SYMBOL .)


state 198

    (39) command -> LINE SYMBOL NUMBER NUMBER NUMBER SYMBOL NUMBER NUMBER NUMBER .
    (40) command -> LINE SYMBOL NUMBER NUMBER NUMBER SYMBOL NUMBER NUMBER NUMBER . SYMBOL
    (10) SYMBOL -> . XYZ
    (11) SYMBOL -> . ID

    $end            reduce using rule 39 (command -> LINE SYMBOL NUMBER NUMBER NUMBER SYMBOL NUMBER NUMBER NUMBER .)
    XYZ             shift and go to state 39
    ID              shift and go to state 38

    SYMBOL                         shift and go to state 205

state 199

    (38) command -> LINE SYMBOL NUMBER NUMBER NUMBER NUMBER NUMBER NUMBER SYMBOL .

    $end            reduce using rule 38 (command -> LINE SYMBOL NUMBER NUMBER NUMBER NUMBER NUMBER NUMBER SYMBOL .)


state 200

    (5) command -> SET_DEFAULT NUMBER NUMBER NUMBER NUMBER NUMBER NUMBER NUMBER NUMBER . NUMBER
    (14) NUMBER -> . DOUBLE

    DOUBLE          shift and go to state 35

    NUMBER                         shift and go to state 206

state 201

    (53) command -> CONSTANTS SYMBOL NUMBER NUMBER NUMBER NUMBER NUMBER NUMBER NUMBER . NUMBER NUMBER
    (54) command -> CONSTANTS SYMBOL NUMBER NUMBER NUMBER NUMBER NUMBER NUMBER NUMBER . NUMBER NUMBER NUMBER NUMBER NUMBER
    (14) NUMBER -> . DOUBLE

    DOUBLE          shift and go to state 35

    NUMBER                         shift and go to state 207

state 202

    (3) command -> TRIANGLE SYMBOL NUMBER NUMBER NUMBER NUMBER NUMBER NUMBER NUMBER NUMBER . NUMBER
    (4) command -> TRIANGLE SYMBOL NUMBER NUMBER NUMBER NUMBER NUMBER NUMBER NUMBER NUMBER . NUMBER SYMBOL
    (14) NUMBER -> . DOUBLE

    DOUBLE          shift and go to state 35

    NUMBER                         shift and go to state 208

state 203

    (1) command -> TRIANGLE NUMBER NUMBER NUMBER NUMBER NUMBER NUMBER NUMBER NUMBER NUMBER .
    (2) command -> TRIANGLE NUMBER NUMBER NUMBER NUMBER NUMBER NUMBER NUMBER NUMBER NUMBER . SYMBOL
    (10) SYMBOL -> . XYZ
    (11) SYMBOL -> . ID

    $end            reduce using rule 1 (command -> TRIANGLE NUMBER NUMBER NUMBER NUMBER NUMBER NUMBER NUMBER NUMBER NUMBER .)
    XYZ             shift and go to state 39
    ID              shift and go to state 38

    SYMBOL                         shift and go to state 209

state 204

    (68) command -> TEXTURE SYMBOL NUMBER NUMBER NUMBER NUMBER NUMBER NUMBER NUMBER NUMBER . NUMBER NUMBER NUMBER NUMBER
    (14) NUMBER -> . DOUBLE

    DOUBLE          shift and go to state 35

    NUMBER                         shift and go to state 210

state 205

    (40) command -> LINE SYMBOL NUMBER NUMBER NUMBER SYMBOL NUMBER NUMBER NUMBER SYMBOL .

    $end            reduce using rule 40 (command -> LINE SYMBOL NUMBER NUMBER NUMBER SYMBOL NUMBER NUMBER NUMBER SYMBOL .)


state 206

    (5) command -> SET_DEFAULT NUMBER NUMBER NUMBER NUMBER NUMBER NUMBER NUMBER NUMBER NUMBER .

    $end            reduce using rule 5 (command -> SET_DEFAULT NUMBER NUMBER NUMBER NUMBER NUMBER NUMBER NUMBER NUMBER NUMBER .)


state 207

    (53) command -> CONSTANTS SYMBOL NUMBER NUMBER NUMBER NUMBER NUMBER NUMBER NUMBER NUMBER . NUMBER
    (54) command -> CONSTANTS SYMBOL NUMBER NUMBER NUMBER NUMBER NUMBER NUMBER NUMBER NUMBER . NUMBER NUMBER NUMBER NUMBER
    (14) NUMBER -> . DOUBLE

    DOUBLE          shift and go to state 35

    NUMBER                         shift and go to state 211

state 208

    (3) command -> TRIANGLE SYMBOL NUMBER NUMBER NUMBER NUMBER NUMBER NUMBER NUMBER NUMBER NUMBER .
    (4) command -> TRIANGLE SYMBOL NUMBER NUMBER NUMBER NUMBER NUMBER NUMBER NUMBER NUMBER NUMBER . SYMBOL
    (10) SYMBOL -> . XYZ
    (11) SYMBOL -> . ID

    $end            reduce using rule 3 (command -> TRIANGLE SYMBOL NUMBER NUMBER NUMBER NUMBER NUMBER NUMBER NUMBER NUMBER NUMBER .)
    XYZ             shift and go to state 39
    ID              shift and go to state 38

    SYMBOL                         shift and go to state 212

state 209

    (2) command -> TRIANGLE NUMBER NUMBER NUMBER NUMBER NUMBER NUMBER NUMBER NUMBER NUMBER SYMBOL .

    $end            reduce using rule 2 (command -> TRIANGLE NUMBER NUMBER NUMBER NUMBER NUMBER NUMBER NUMBER NUMBER NUMBER SYMBOL .)


state 210

    (68) command -> TEXTURE SYMBOL NUMBER NUMBER NUMBER NUMBER NUMBER NUMBER NUMBER NUMBER NUMBER . NUMBER NUMBER NUMBER
    (14) NUMBER -> . DOUBLE

    DOUBLE          shift and go to state 35

    NUMBER                         shift and go to state 213

state 211

    (53) command -> CONSTANTS SYMBOL NUMBER NUMBER NUMBER NUMBER NUMBER NUMBER NUMBER NUMBER NUMBER .
    (54) command -> CONSTANTS SYMBOL NUMBER NUMBER NUMBER NUMBER NUMBER NUMBER NUMBER NUMBER NUMBER . NUMBER NUMBER NUMBER
    (14) NUMBER -> . DOUBLE

    $end            reduce using rule 53 (command -> CONSTANTS SYMBOL NUMBER NUMBER NUMBER NUMBER NUMBER NUMBER NUMBER NUMBER NUMBER .)
    DOUBLE          shift and go to state 35

    NUMBER                         shift and go to state 214

state 212

    (4) command -> TRIANGLE SYMBOL NUMBER NUMBER NUMBER NUMBER NUMBER NUMBER NUMBER NUMBER NUMBER SYMBOL .

    $end            reduce using rule 4 (command -> TRIANGLE SYMBOL NUMBER NUMBER NUMBER NUMBER NUMBER NUMBER NUMBER NUMBER NUMBER SYMBOL .)


state 213

    (68) command -> TEXTURE SYMBOL NUMBER NUMBER NUMBER NUMBER NUMBER NUMBER NUMBER NUMBER NUMBER NUMBER . NUMBER NUMBER
    (14) NUMBER -> . DOUBLE

    DOUBLE          shift and go to state 35

    NUMBER                         shift and go to state 215

state 214

    (54) command -> CONSTANTS SYMBOL NUMBER NUMBER NUMBER NUMBER NUMBER NUMBER NUMBER NUMBER NUMBER NUMBER . NUMBER NUMBER
    (14) NUMBER -> . DOUBLE

    DOUBLE          shift and go to state 35

    NUMBER                         shift and go to state 216

state 215

    (68) command -> TEXTURE SYMBOL NUMBER NUMBER NUMBER NUMBER NUMBER NUMBER NUMBER NUMBER NUMBER NUMBER NUMBER . NUMBER
    (14) NUMBER -> . DOUBLE

    DOUBLE          shift and go to state 35

    NUMBER                         shift and go to state 217

state 216

    (54) command -> CONSTANTS SYMBOL NUMBER NUMBER NUMBER NUMBER NUMBER NUMBER NUMBER NUMBER NUMBER NUMBER NUMBER . NUMBER
    (14) NUMBER -> . DOUBLE

    DOUBLE          shift and go to state 35

    NUMBER                         shift and go to state 218

state 217

    (68) command -> TEXTURE SYMBOL NUMBER NUMBER NUMBER NUMBER NUMBER NUMBER NUMBER NUMBER NUMBER NUMBER NUMBER NUMBER .

    $end            reduce using rule 68 (command -> TEXTURE SYMBOL NUMBER NUMBER NUMBER NUMBER NUMBER NUMBER NUMBER NUMBER NUMBER NUMBER NUMBER NUMBER .)


state 218

    (54) command -> CONSTANTS SYMBOL NUMBER NUMBER NUMBER NUMBER NUMBER NUMBER NUMBER NUMBER NUMBER NUMBER NUMBER NUMBER .

    $end            reduce using rule 54 (command -> CONSTANTS SYMBOL NUMBER NUMBER NUMBER NUMBER NUMBER NUMBER NUMBER NUMBER NUMBER NUMBER NUMBER NUMBER .)

